<?xml version="1.0" encoding="UTF-8"?>
<!-- Generated by org.testng.reporters.JUnitXMLReporter -->
<testsuite hostname="Kiranashree-PC" ignored="0" name="Test" tests="3" failures="0" timestamp="01 Apr 2018 08:35:28 GMT" time="61.039" errors="0">
  <testcase name="testValidLogin" time="4.796" classname="com.actitime.testscripts.TestValidLogin"/>
  <testcase name="testInvalidLogin" time="7.428" classname="com.actitime.testscripts.TestInvalidLogin"/>
  <testcase name="testProductVersion" time="11.958" classname="com.actitime.testscripts.VerifyProductVersion"/>
</testsuite> <!-- Test -->
