<?xml version="1.0" encoding="UTF-8"?>
<!-- Generated by org.testng.reporters.JUnitXMLReporter -->
<testsuite hostname="Kiranashree-PC" ignored="0" name="Test" tests="3" failures="0" timestamp="01 Apr 2018 08:43:12 GMT" time="57.305" errors="0">
  <testcase name="testValidLogin" time="4.605" classname="com.actitime.demo.testscripts.TestValidLogin"/>
  <testcase name="testInvalidLogin" time="9.17" classname="com.actitime.demo.testscripts.TestInvalidLogin"/>
  <testcase name="testProductVersion" time="10.247" classname="com.actitime.demo.testscripts.VerifyProductVersion"/>
</testsuite> <!-- Test -->
